<?xml version="1.0" encoding="UTF-8"?>
<!-- Generated by org.testng.reporters.JUnitReportReporter -->
<testsuite hostname="DESKTOP-2ES9E9Q" failures="0" tests="3" name="com.qa.creatio.tests.HomePageTest" time="33.292" errors="0" timestamp="2022-09-13T20:11:05 EDT" skipped="0">
  <testcase classname="com.qa.creatio.tests.HomePageTest" name="verfyHomePageTitleTest" time="11.219"/>
  <system-out/>
  <testcase classname="com.qa.creatio.tests.HomePageTest" name="verifyHomePageHeaderTest" time="10.999"/>
  <system-out/>
  <testcase classname="com.qa.creatio.tests.HomePageTest" name="verifyLoggedInAccountNameTest" time="11.074"/>
  <system-out/>
</testsuite> <!-- com.qa.creatio.tests.HomePageTest -->
