<?xml version="1.0" encoding="UTF-8"?>
<!-- Generated by org.testng.reporters.JUnitReportReporter -->
<testsuite hostname="DESKTOP-2ES9E9Q" failures="0" tests="1" name="com.qa.creatio.tests.writeInGoogleFormTest" time="0.000" errors="0" timestamp="2022-09-13T12:50:56 EDT" skipped="1">
  <testcase classname="com.qa.creatio.tests.writeInGoogleFormTest" name="fillUpFormTest" time="0.000">
    <skipped/>
  </testcase> <!-- fillUpFormTest -->
  <system-out/>
</testsuite> <!-- com.qa.creatio.tests.writeInGoogleFormTest -->
