<?xml version="1.0" encoding="UTF-8"?>
<!-- Generated by org.testng.reporters.JUnitReportReporter -->
<testsuite hostname="DESKTOP-2ES9E9Q" failures="0" tests="3" name="com.qa.creatio.tests.LoginPageTest" time="18.488" errors="0" timestamp="2022-09-13T20:11:05 EDT" skipped="0">
  <testcase classname="com.qa.creatio.tests.LoginPageTest" name="VerifyLoginPageTitleTest" time="4.472"/>
  <system-out/>
  <testcase classname="com.qa.creatio.tests.LoginPageTest" name="verifyCreateAccountLinkTest" time="5.072"/>
  <system-out/>
  <testcase classname="com.qa.creatio.tests.LoginPageTest" name="doLoginTest" time="8.944"/>
  <system-out/>
</testsuite> <!-- com.qa.creatio.tests.LoginPageTest -->
