<?xml version="1.0" encoding="UTF-8"?>
<!-- Generated by org.testng.reporters.JUnitReportReporter -->
<testsuite hostname="DESKTOP-2ES9E9Q" failures="0" tests="3" name="com.qa.creatio.tests.HomePageTest" time="33.361" errors="0" timestamp="13 Sep 2022 22:28:42 GMT" skipped="0">
  <testcase classname="com.qa.creatio.tests.HomePageTest" name="verfyHomePageTitleTest" time="11.125"/>
  <testcase classname="com.qa.creatio.tests.HomePageTest" name="verifyHomePageHeaderTest" time="11.021"/>
  <testcase classname="com.qa.creatio.tests.HomePageTest" name="verifyLoggedInAccountNameTest" time="11.215"/>
</testsuite> <!-- com.qa.creatio.tests.HomePageTest -->
