<?xml version="1.0" encoding="UTF-8"?>
<!-- Generated by org.testng.reporters.JUnitReportReporter -->
<testsuite hostname="DESKTOP-2ES9E9Q" failures="0" tests="3" name="com.qa.creatio.tests.LoginPageTest" time="18.379" errors="0" timestamp="13 Sep 2022 22:28:42 GMT" skipped="0">
  <testcase classname="com.qa.creatio.tests.LoginPageTest" name="VerifyLoginPageTitleTest" time="5.054"/>
  <testcase classname="com.qa.creatio.tests.LoginPageTest" name="verifyCreateAccountLinkTest" time="4.840"/>
  <testcase classname="com.qa.creatio.tests.LoginPageTest" name="doLoginTest" time="8.485"/>
</testsuite> <!-- com.qa.creatio.tests.LoginPageTest -->
